#
# There is insufficient memory for the Java Runtime Environment to continue.
# Native memory allocation (malloc) failed to allocate 826256 bytes for Chunk::new
# Possible reasons:
#   The system is out of physical RAM or swap space
#   The process is running with CompressedOops enabled, and the Java Heap may be blocking the growth of the native heap
# Possible solutions:
#   Reduce memory load on the system
#   Increase physical memory or swap space
#   Check if swap backing store is full
#   Decrease Java heap size (-Xmx/-Xms)
#   Decrease number of Java threads
#   Decrease Java thread stack sizes (-Xss)
#   Set larger code cache with -XX:ReservedCodeCacheSize=
#   JVM is running with Zero Based Compressed Oops mode in which the Java heap is
#     placed in the first 32GB address space. The Java Heap base address is the
#     maximum limit for the native heap growth. Please use -XX:HeapBaseMinAddress
#     to set the Java Heap base and to place the Java Heap above 32GB virtual address.
# This output file may be truncated or incomplete.
#
#  Out of Memory Error (arena.cpp:189), pid=9240, tid=8860
#
# JRE version: Java(TM) SE Runtime Environment (17.0.2+8) (build 17.0.2+8-LTS-86)
# Java VM: Java HotSpot(TM) 64-Bit Server VM (17.0.2+8-LTS-86, mixed mode, sharing, tiered, compressed oops, compressed class ptrs, g1 gc, windows-amd64)
# No core dump will be written. Minidumps are not enabled by default on client versions of Windows
#

---------------  S U M M A R Y ------------

Command Line: -agentlib:jdwp=transport=dt_socket,address=127.0.0.1:56828,suspend=y,server=n -javaagent:C:\Users\JUG\AppData\Local\JetBrains\IdeaIC2021.3\captureAgent\debugger-agent.jar=file:/C:/Users/JUG/AppData/Local/Temp/capture.props -Dfile.encoding=UTF-8 com.example.chess.ChessApplication

Host: Intel(R) Core(TM) i5-4440 CPU @ 3.10GHz, 4 cores, 15G,  Windows 10 , 64 bit Build 19041 (10.0.19041.2251)
Time: Fri Dec  9 14:03:41 2022 Pacific Standard Time elapsed time: 2372.299834 seconds (0d 0h 39m 32s)

---------------  T H R E A D  ---------------

Current thread (0x0000023e7efef9a0):  JavaThread "C2 CompilerThread0" daemon [_thread_in_native, id=8860, stack(0x000000ae9a300000,0x000000ae9a400000)]


Current CompileTask:
C2:2372299 9183   !   4       org.apache.tomcat.util.net.AbstractEndpoint::processSocket (147 bytes)

Stack: [0x000000ae9a300000,0x000000ae9a400000]
Native frames: (J=compiled Java code, j=interpreted, Vv=VM code, C=native code)
V  [jvm.dll+0x670baa]
V  [jvm.dll+0x7cfcb4]
V  [jvm.dll+0x7d145e]
V  [jvm.dll+0x7d1ac3]
V  [jvm.dll+0x242bc5]
V  [jvm.dll+0xaa57b]
V  [jvm.dll+0xaab0c]
V  [jvm.dll+0x35fcb2]
V  [jvm.dll+0x1b9b68]
V  [jvm.dll+0x215de9]
V  [jvm.dll+0x2150b1]
V  [jvm.dll+0x1a1bbd]
V  [jvm.dll+0x224908]
V  [jvm.dll+0x222a6c]
V  [jvm.dll+0x7859bb]
V  [jvm.dll+0x77ff7a]
V  [jvm.dll+0x66fa35]
C  [ucrtbase.dll+0x21bb2]
C  [KERNEL32.DLL+0x174b4]
C  [ntdll.dll+0x526a1]


---------------  P R O C E S S  ---------------

Threads class SMR info:
_java_thread_list=0x0000023e229fcfc0, length=33, elements={
0x0000023e7efd5630, 0x0000023e7efd64a0, 0x0000023e7efe9bd0, 0x0000023e7efed8b0,
0x0000023e7efee260, 0x0000023e7efeec10, 0x0000023e7efef9a0, 0x0000023e7eff0440,
0x0000023e7fc31410, 0x0000023e7fcd5520, 0x0000023e7fe5c7a0, 0x0000023e7fdb80a0,
0x0000023e7fdb8920, 0x0000023e7fdf3ce0, 0x0000023e230a5410, 0x0000023e25f89d80,
0x0000023e217b2580, 0x0000023e25b98100, 0x0000023e231e67c0, 0x0000023e25d3b6c0,
0x0000023e2195d630, 0x0000023e2195db00, 0x0000023e2195afb0, 0x0000023e2195b950,
0x0000023e2195c7c0, 0x0000023e2195c2f0, 0x0000023e2597b900, 0x0000023e25974580,
0x0000023e259758c0, 0x0000023e259740b0, 0x0000023e25979280, 0x0000023e25975d90,
0x0000023e25976260
}

Java Threads: ( => current thread )
  0x0000023e7efd5630 JavaThread "Reference Handler" daemon [_thread_blocked, id=18792, stack(0x000000ae99d00000,0x000000ae99e00000)]
  0x0000023e7efd64a0 JavaThread "Finalizer" daemon [_thread_blocked, id=17896, stack(0x000000ae99e00000,0x000000ae99f00000)]
  0x0000023e7efe9bd0 JavaThread "Signal Dispatcher" daemon [_thread_blocked, id=5992, stack(0x000000ae99f00000,0x000000ae9a000000)]
  0x0000023e7efed8b0 JavaThread "Attach Listener" daemon [_thread_blocked, id=16548, stack(0x000000ae9a000000,0x000000ae9a100000)]
  0x0000023e7efee260 JavaThread "Service Thread" daemon [_thread_blocked, id=15004, stack(0x000000ae9a100000,0x000000ae9a200000)]
  0x0000023e7efeec10 JavaThread "Monitor Deflation Thread" daemon [_thread_blocked, id=10996, stack(0x000000ae9a200000,0x000000ae9a300000)]
=>0x0000023e7efef9a0 JavaThread "C2 CompilerThread0" daemon [_thread_in_native, id=8860, stack(0x000000ae9a300000,0x000000ae9a400000)]
  0x0000023e7eff0440 JavaThread "C1 CompilerThread0" daemon [_thread_blocked, id=10776, stack(0x000000ae9a400000,0x000000ae9a500000)]
  0x0000023e7fc31410 JavaThread "Sweeper thread" daemon [_thread_blocked, id=16128, stack(0x000000ae9a500000,0x000000ae9a600000)]
  0x0000023e7fcd5520 JavaThread "Common-Cleaner" daemon [_thread_blocked, id=7632, stack(0x000000ae9a600000,0x000000ae9a700000)]
  0x0000023e7fe5c7a0 JavaThread "JDWP Transport Listener: dt_socket" daemon [_thread_blocked, id=5192, stack(0x000000ae9a700000,0x000000ae9a800000)]
  0x0000023e7fdb80a0 JavaThread "JDWP Event Helper Thread" daemon [_thread_blocked, id=14584, stack(0x000000ae9a800000,0x000000ae9a900000)]
  0x0000023e7fdb8920 JavaThread "JDWP Command Reader" daemon [_thread_in_native, id=16860, stack(0x000000ae9a900000,0x000000ae9aa00000)]
  0x0000023e7fdf3ce0 JavaThread "Notification Thread" daemon [_thread_blocked, id=2716, stack(0x000000ae9aa00000,0x000000ae9ab00000)]
  0x0000023e230a5410 JavaThread "Catalina-utility-1" [_thread_blocked, id=2660, stack(0x000000ae9b000000,0x000000ae9b100000)]
  0x0000023e25f89d80 JavaThread "Catalina-utility-2" [_thread_blocked, id=17888, stack(0x000000ae9b100000,0x000000ae9b200000)]
  0x0000023e217b2580 JavaThread "container-0" [_thread_blocked, id=16388, stack(0x000000ae9b200000,0x000000ae9b300000)]
  0x0000023e25b98100 JavaThread "lettuce-timer-3-1" daemon [_thread_blocked, id=16460, stack(0x000000ae9b300000,0x000000ae9b400000)]
  0x0000023e231e67c0 JavaThread "lettuce-timer-5-1" daemon [_thread_blocked, id=17392, stack(0x000000ae9b400000,0x000000ae9b500000)]
  0x0000023e25d3b6c0 JavaThread "http-nio-8080-exec-1" daemon [_thread_blocked, id=7072, stack(0x000000ae9b500000,0x000000ae9b600000)]
  0x0000023e2195d630 JavaThread "http-nio-8080-exec-2" daemon [_thread_blocked, id=16248, stack(0x000000ae9b600000,0x000000ae9b700000)]
  0x0000023e2195db00 JavaThread "http-nio-8080-exec-3" daemon [_thread_blocked, id=17884, stack(0x000000ae9b700000,0x000000ae9b800000)]
  0x0000023e2195afb0 JavaThread "http-nio-8080-exec-4" daemon [_thread_in_vm, id=17300, stack(0x000000ae9b800000,0x000000ae9b900000)]
  0x0000023e2195b950 JavaThread "http-nio-8080-exec-5" daemon [_thread_blocked, id=16076, stack(0x000000ae9b900000,0x000000ae9ba00000)]
  0x0000023e2195c7c0 JavaThread "http-nio-8080-exec-6" daemon [_thread_blocked, id=11052, stack(0x000000ae9ba00000,0x000000ae9bb00000)]
  0x0000023e2195c2f0 JavaThread "http-nio-8080-exec-7" daemon [_thread_blocked, id=6296, stack(0x000000ae9bb00000,0x000000ae9bc00000)]
  0x0000023e2597b900 JavaThread "http-nio-8080-exec-8" daemon [_thread_blocked, id=260, stack(0x000000ae9bc00000,0x000000ae9bd00000)]
  0x0000023e25974580 JavaThread "http-nio-8080-exec-9" daemon [_thread_blocked, id=7152, stack(0x000000ae9bd00000,0x000000ae9be00000)]
  0x0000023e259758c0 JavaThread "http-nio-8080-exec-10" daemon [_thread_blocked, id=12784, stack(0x000000ae9be00000,0x000000ae9bf00000)]
  0x0000023e259740b0 JavaThread "http-nio-8080-Poller" daemon [_thread_in_native, id=15740, stack(0x000000ae9bf00000,0x000000ae9c000000)]
  0x0000023e25979280 JavaThread "http-nio-8080-Acceptor" daemon [_thread_in_native, id=14700, stack(0x000000ae9c000000,0x000000ae9c100000)]
  0x0000023e25975d90 JavaThread "DestroyJavaVM" [_thread_blocked, id=11740, stack(0x000000ae99600000,0x000000ae99700000)]
  0x0000023e25976260 JavaThread "lettuce-nioEventLoop-6-1" daemon [_thread_in_Java, id=3280, stack(0x000000ae99400000,0x000000ae99500000)]

Other Threads:
  0x0000023e7efcf9d0 VMThread "VM Thread" [stack: 0x000000ae99c00000,0x000000ae99d00000] [id=8248]
  0x0000023e7fdb0e20 WatcherThread [stack: 0x000000ae9ab00000,0x000000ae9ac00000] [id=9768]
  0x0000023e7d27e580 GCTaskThread "GC Thread#0" [stack: 0x000000ae99700000,0x000000ae99800000] [id=19120]
  0x0000023e20956680 GCTaskThread "GC Thread#1" [stack: 0x000000ae9ac00000,0x000000ae9ad00000] [id=9600]
  0x0000023e20a5ba90 GCTaskThread "GC Thread#2" [stack: 0x000000ae9ad00000,0x000000ae9ae00000] [id=4188]
  0x0000023e2099efe0 GCTaskThread "GC Thread#3" [stack: 0x000000ae9ae00000,0x000000ae9af00000] [id=5196]
  0x0000023e7d28f3d0 ConcurrentGCThread "G1 Main Marker" [stack: 0x000000ae99800000,0x000000ae99900000] [id=7020]
  0x0000023e7d28fde0 ConcurrentGCThread "G1 Conc#0" [stack: 0x000000ae99900000,0x000000ae99a00000] [id=11272]
  0x0000023e7ee920c0 ConcurrentGCThread "G1 Refine#0" [stack: 0x000000ae99a00000,0x000000ae99b00000] [id=14296]
  0x0000023e7ee93af0 ConcurrentGCThread "G1 Service" [stack: 0x000000ae99b00000,0x000000ae99c00000] [id=9604]

Threads with active compile tasks:
C2 CompilerThread0  2372339 9183   !   4       org.apache.tomcat.util.net.AbstractEndpoint::processSocket (147 bytes)

VM state: not at safepoint (normal execution)

VM Mutex/Monitor currently owned by a thread: None

Heap address: 0x0000000700e00000, size: 4082 MB, Compressed Oops mode: Zero based, Oop shift amount: 3

CDS archive(s) mapped at: [0x0000000800000000-0x0000000800bc0000-0x0000000800bc0000), size 12320768, SharedBaseAddress: 0x0000000800000000, ArchiveRelocationMode: 0.
Compressed class space mapped at: 0x0000000800c00000-0x0000000840c00000, reserved size: 1073741824
Narrow klass base: 0x0000000800000000, Narrow klass shift: 0, Narrow klass range: 0x100000000

GC Precious Log:
 CPUs: 4 total, 4 available
 Memory: 16327M
 Large Page Support: Disabled
 NUMA Support: Disabled
 Compressed Oops: Enabled (Zero based)
 Heap Region Size: 2M
 Heap Min Capacity: 8M
 Heap Initial Capacity: 256M
 Heap Max Capacity: 4082M
 Pre-touch: Disabled
 Parallel Workers: 4
 Concurrent Workers: 1
 Concurrent Refinement Workers: 4
 Periodic GC: Disabled

Heap:
 garbage-first heap   total 75776K, used 39191K [0x0000000700e00000, 0x0000000800000000)
  region size 2048K, 9 young (18432K), 1 survivors (2048K)
 Metaspace       used 51624K, committed 52160K, reserved 1097728K
  class space    used 6314K, committed 6592K, reserved 1048576K

Heap Regions: E=young(eden), S=young(survivor), O=old, HS=humongous(starts), HC=humongous(continues), CS=collection set, F=free, OA=open archive, CA=closed archive, TAMS=top-at-mark-start (previous, next)
|   0|0x0000000700e00000, 0x0000000701000000, 0x0000000701000000|100%| O|  |TAMS 0x0000000701000000, 0x0000000700e00000| Untracked 
|   1|0x0000000701000000, 0x0000000701200000, 0x0000000701200000|100%| O|  |TAMS 0x0000000701200000, 0x0000000701000000| Untracked 
|   2|0x0000000701200000, 0x0000000701400000, 0x0000000701400000|100%| O|  |TAMS 0x0000000701400000, 0x0000000701200000| Untracked 
|   3|0x0000000701400000, 0x0000000701600000, 0x0000000701600000|100%| O|  |TAMS 0x0000000701600000, 0x0000000701400000| Untracked 
|   4|0x0000000701600000, 0x0000000701800000, 0x0000000701800000|100%| O|  |TAMS 0x0000000701800000, 0x0000000701600000| Untracked 
|   5|0x0000000701800000, 0x0000000701a00000, 0x0000000701a00000|100%| O|  |TAMS 0x0000000701a00000, 0x0000000701800000| Untracked 
|   6|0x0000000701a00000, 0x0000000701c00000, 0x0000000701c00000|100%| O|  |TAMS 0x0000000701c00000, 0x0000000701a00000| Untracked 
|   7|0x0000000701c00000, 0x0000000701e00000, 0x0000000701e00000|100%| O|  |TAMS 0x0000000701c00000, 0x0000000701c00000| Untracked 
|   8|0x0000000701e00000, 0x0000000702000000, 0x0000000702000000|100%| O|  |TAMS 0x0000000701e00000, 0x0000000701e00000| Untracked 
|   9|0x0000000702000000, 0x0000000702200000, 0x0000000702200000|100%| O|  |TAMS 0x0000000702000000, 0x0000000702000000| Untracked 
|  10|0x0000000702200000, 0x0000000702400000, 0x0000000702400000|100%| O|  |TAMS 0x0000000702200000, 0x0000000702200000| Untracked 
|  11|0x0000000702400000, 0x00000007025d5000, 0x0000000702600000| 91%| O|  |TAMS 0x0000000702400000, 0x0000000702400000| Untracked 
|  12|0x0000000702600000, 0x0000000702600000, 0x0000000702800000|  0%| F|  |TAMS 0x0000000702600000, 0x0000000702600000| Untracked 
|  13|0x0000000702800000, 0x0000000702800000, 0x0000000702a00000|  0%| F|  |TAMS 0x0000000702800000, 0x0000000702800000| Untracked 
|  14|0x0000000702a00000, 0x0000000702a00000, 0x0000000702c00000|  0%| F|  |TAMS 0x0000000702a00000, 0x0000000702a00000| Untracked 
|  15|0x0000000702c00000, 0x0000000702c00000, 0x0000000702e00000|  0%| F|  |TAMS 0x0000000702c00000, 0x0000000702c00000| Untracked 
|  16|0x0000000702e00000, 0x0000000702e70eb0, 0x0000000703000000| 22%| S|CS|TAMS 0x0000000702e00000, 0x0000000702e00000| Complete 
|  17|0x0000000703000000, 0x0000000703000000, 0x0000000703200000|  0%| F|  |TAMS 0x0000000703000000, 0x0000000703000000| Untracked 
|  18|0x0000000703200000, 0x0000000703200000, 0x0000000703400000|  0%| F|  |TAMS 0x0000000703200000, 0x0000000703200000| Untracked 
|  19|0x0000000703400000, 0x0000000703400000, 0x0000000703600000|  0%| F|  |TAMS 0x0000000703400000, 0x0000000703400000| Untracked 
|  20|0x0000000703600000, 0x0000000703600000, 0x0000000703800000|  0%| F|  |TAMS 0x0000000703600000, 0x0000000703600000| Untracked 
|  21|0x0000000703800000, 0x0000000703800000, 0x0000000703a00000|  0%| F|  |TAMS 0x0000000703800000, 0x0000000703800000| Untracked 
|  22|0x0000000703a00000, 0x0000000703a00000, 0x0000000703c00000|  0%| F|  |TAMS 0x0000000703a00000, 0x0000000703a00000| Untracked 
|  23|0x0000000703c00000, 0x0000000703c00000, 0x0000000703e00000|  0%| F|  |TAMS 0x0000000703c00000, 0x0000000703c00000| Untracked 
|  24|0x0000000703e00000, 0x0000000703e00000, 0x0000000704000000|  0%| F|  |TAMS 0x0000000703e00000, 0x0000000703e00000| Untracked 
|  25|0x0000000704000000, 0x0000000704000000, 0x0000000704200000|  0%| F|  |TAMS 0x0000000704000000, 0x0000000704000000| Untracked 
|  26|0x0000000704200000, 0x0000000704200000, 0x0000000704400000|  0%| F|  |TAMS 0x0000000704200000, 0x0000000704200000| Untracked 
|  27|0x0000000704400000, 0x0000000704400000, 0x0000000704600000|  0%| F|  |TAMS 0x0000000704400000, 0x0000000704400000| Untracked 
|  28|0x0000000704600000, 0x0000000704600000, 0x0000000704800000|  0%| F|  |TAMS 0x0000000704600000, 0x0000000704600000| Untracked 
|  29|0x0000000704800000, 0x000000070495e608, 0x0000000704a00000| 68%| E|  |TAMS 0x0000000704800000, 0x0000000704800000| Complete 
|  30|0x0000000704a00000, 0x0000000704c00000, 0x0000000704c00000|100%| E|CS|TAMS 0x0000000704a00000, 0x0000000704a00000| Complete 
|  31|0x0000000704c00000, 0x0000000704e00000, 0x0000000704e00000|100%| E|CS|TAMS 0x0000000704c00000, 0x0000000704c00000| Complete 
|  32|0x0000000704e00000, 0x0000000705000000, 0x0000000705000000|100%| E|CS|TAMS 0x0000000704e00000, 0x0000000704e00000| Complete 
|  33|0x0000000705000000, 0x0000000705200000, 0x0000000705200000|100%| E|CS|TAMS 0x0000000705000000, 0x0000000705000000| Complete 
|  67|0x0000000709400000, 0x0000000709600000, 0x0000000709600000|100%| E|CS|TAMS 0x0000000709400000, 0x0000000709400000| Complete 
|  68|0x0000000709600000, 0x0000000709800000, 0x0000000709800000|100%| E|CS|TAMS 0x0000000709600000, 0x0000000709600000| Complete 
| 127|0x0000000710c00000, 0x0000000710e00000, 0x0000000710e00000|100%| E|CS|TAMS 0x0000000710c00000, 0x0000000710c00000| Complete 

Card table byte_map: [0x0000023e7db00000,0x0000023e7e300000] _byte_map_base: 0x0000023e7a2f9000

Marking Bits (Prev, Next): (CMBitMap*) 0x0000023e7d27eb90, (CMBitMap*) 0x0000023e7d27ebd0
 Prev Bits: [0x0000023e16780000, 0x0000023e1a748000)
 Next Bits: [0x0000023e1a750000, 0x0000023e1e718000)

Polling page: 0x0000023e7b3b0000

Metaspace:

Usage:
  Non-class:     44.25 MB used.
      Class:      6.17 MB used.
       Both:     50.41 MB used.

Virtual space:
  Non-class space:       48.00 MB reserved,      44.50 MB ( 93%) committed,  6 nodes.
      Class space:        1.00 GB reserved,       6.44 MB ( <1%) committed,  1 nodes.
             Both:        1.05 GB reserved,      50.94 MB (  5%) committed. 

Chunk freelists:
   Non-Class:  2.72 MB
       Class:  1.48 MB
        Both:  4.20 MB

MaxMetaspaceSize: unlimited
CompressedClassSpaceSize: 1.00 GB
Initial GC threshold: 21.00 MB
Current GC threshold: 58.69 MB
CDS: on
MetaspaceReclaimPolicy: balanced
 - commit_granule_bytes: 65536.
 - commit_granule_words: 8192.
 - virtual_space_node_default_size: 1048576.
 - enlarge_chunks_in_place: 1.
 - new_chunks_are_fully_committed: 0.
 - uncommit_free_chunks: 1.
 - use_allocation_guard: 0.
 - handle_deallocations: 1.


Internal statistics:

num_allocs_failed_limit: 6.
num_arena_births: 730.
num_arena_deaths: 0.
num_vsnodes_births: 7.
num_vsnodes_deaths: 0.
num_space_committed: 815.
num_space_uncommitted: 0.
num_chunks_returned_to_freelist: 6.
num_chunks_taken_from_freelist: 2641.
num_chunk_merges: 6.
num_chunk_splits: 1835.
num_chunks_enlarged: 1388.
num_purges: 0.
num_inconsistent_stats: 0.

CodeHeap 'non-profiled nmethods': size=120000Kb used=7972Kb max_used=7972Kb free=112027Kb
 bounds [0x0000023e0f250000, 0x0000023e0fa20000, 0x0000023e16780000]
CodeHeap 'profiled nmethods': size=120000Kb used=14496Kb max_used=17203Kb free=105504Kb
 bounds [0x0000023e07d20000, 0x0000023e08df0000, 0x0000023e0f250000]
CodeHeap 'non-nmethods': size=5760Kb used=1347Kb max_used=1491Kb free=4412Kb
 bounds [0x0000023e07780000, 0x0000023e079f0000, 0x0000023e07d20000]
 total_blobs=8138 nmethods=7536 adapters=514
 compilation: enabled
              stopped_count=0, restarted_count=0
 full_count=0

Compilation events (20 events):
Event: 2372.101 Thread 0x0000023e7efef9a0 nmethod 9173 0x0000023e0fa12090 code [0x0000023e0fa12220, 0x0000023e0fa12418]
Event: 2372.109 Thread 0x0000023e7efef9a0 9174       4       org.apache.commons.logging.LogAdapter$Slf4jLocationAwareLog::debug (47 bytes)
Event: 2372.112 Thread 0x0000023e7efef9a0 nmethod 9174 0x0000023e0fa12590 code [0x0000023e0fa12740, 0x0000023e0fa129c8]
Event: 2372.117 Thread 0x0000023e7efef9a0 9175   !   4       org.apache.catalina.core.StandardContext::bind (161 bytes)
Event: 2372.128 Thread 0x0000023e7efef9a0 nmethod 9175 0x0000023e0fa12e10 code [0x0000023e0fa13020, 0x0000023e0fa13b50]
Event: 2372.128 Thread 0x0000023e7efef9a0 9176   !   4       org.apache.catalina.core.StandardContext::unbind (87 bytes)
Event: 2372.130 Thread 0x0000023e7efef9a0 nmethod 9176 0x0000023e0fa14590 code [0x0000023e0fa14720, 0x0000023e0fa14958]
Event: 2372.143 Thread 0x0000023e7efef9a0 9177       4       org.springframework.core.ResolvableType::forMethodReturnType (23 bytes)
Event: 2372.172 Thread 0x0000023e7efef9a0 nmethod 9177 0x0000023e0fa14b10 code [0x0000023e0fa14dc0, 0x0000023e0fa16010]
Event: 2372.172 Thread 0x0000023e7efef9a0 9178       4       java.util.stream.Collectors::toList (26 bytes)
Event: 2372.173 Thread 0x0000023e7efef9a0 nmethod 9178 0x0000023e0fa16d90 code [0x0000023e0fa16f20, 0x0000023e0fa16ff8]
Event: 2372.181 Thread 0x0000023e7efef9a0 9179       4       java.nio.ByteBuffer::allocate (20 bytes)
Event: 2372.183 Thread 0x0000023e7efef9a0 nmethod 9179 0x0000023e0fa17110 code [0x0000023e0fa172a0, 0x0000023e0fa17538]
Event: 2372.202 Thread 0x0000023e7efef9a0 9180       4       java.nio.charset.CharsetDecoder::<init> (10 bytes)
Event: 2372.207 Thread 0x0000023e7efef9a0 nmethod 9180 0x0000023e0fa17710 code [0x0000023e0fa178e0, 0x0000023e0fa17f78]
Event: 2372.211 Thread 0x0000023e7efef9a0 9181       4       org.springframework.util.Assert::noNullElements (45 bytes)
Event: 2372.213 Thread 0x0000023e7efef9a0 nmethod 9181 0x0000023e0fa18110 code [0x0000023e0fa18280, 0x0000023e0fa18378]
Event: 2372.228 Thread 0x0000023e7efef9a0 9182   !   4       org.apache.tomcat.util.buf.StringCache::toString (585 bytes)
Event: 2372.233 Thread 0x0000023e7efef9a0 nmethod 9182 0x0000023e0fa18490 code [0x0000023e0fa18640, 0x0000023e0fa18c58]
Event: 2372.233 Thread 0x0000023e7efef9a0 9183   !   4       org.apache.tomcat.util.net.AbstractEndpoint::processSocket (147 bytes)

GC Heap History (20 events):
Event: 2366.610 GC heap before
{Heap before GC invocations=31 (full 0):
 garbage-first heap   total 75776K, used 63787K [0x0000000700e00000, 0x0000000800000000)
  region size 2048K, 20 young (40960K), 1 survivors (2048K)
 Metaspace       used 51603K, committed 52160K, reserved 1097728K
  class space    used 6313K, committed 6592K, reserved 1048576K
}
Event: 2366.612 GC heap after
{Heap after GC invocations=32 (full 0):
 garbage-first heap   total 75776K, used 24862K [0x0000000700e00000, 0x0000000800000000)
  region size 2048K, 1 young (2048K), 1 survivors (2048K)
 Metaspace       used 51603K, committed 52160K, reserved 1097728K
  class space    used 6313K, committed 6592K, reserved 1048576K
}
Event: 2367.194 GC heap before
{Heap before GC invocations=32 (full 0):
 garbage-first heap   total 75776K, used 63774K [0x0000000700e00000, 0x0000000800000000)
  region size 2048K, 20 young (40960K), 1 survivors (2048K)
 Metaspace       used 51604K, committed 52160K, reserved 1097728K
  class space    used 6313K, committed 6592K, reserved 1048576K
}
Event: 2367.196 GC heap after
{Heap after GC invocations=33 (full 0):
 garbage-first heap   total 75776K, used 24887K [0x0000000700e00000, 0x0000000800000000)
  region size 2048K, 1 young (2048K), 1 survivors (2048K)
 Metaspace       used 51604K, committed 52160K, reserved 1097728K
  class space    used 6313K, committed 6592K, reserved 1048576K
}
Event: 2367.769 GC heap before
{Heap before GC invocations=33 (full 0):
 garbage-first heap   total 75776K, used 63799K [0x0000000700e00000, 0x0000000800000000)
  region size 2048K, 20 young (40960K), 1 survivors (2048K)
 Metaspace       used 51613K, committed 52160K, reserved 1097728K
  class space    used 6314K, committed 6592K, reserved 1048576K
}
Event: 2367.771 GC heap after
{Heap after GC invocations=34 (full 0):
 garbage-first heap   total 75776K, used 24842K [0x0000000700e00000, 0x0000000800000000)
  region size 2048K, 1 young (2048K), 1 survivors (2048K)
 Metaspace       used 51613K, committed 52160K, reserved 1097728K
  class space    used 6314K, committed 6592K, reserved 1048576K
}
Event: 2368.397 GC heap before
{Heap before GC invocations=34 (full 0):
 garbage-first heap   total 75776K, used 61706K [0x0000000700e00000, 0x0000000800000000)
  region size 2048K, 20 young (40960K), 1 survivors (2048K)
 Metaspace       used 51613K, committed 52160K, reserved 1097728K
  class space    used 6314K, committed 6592K, reserved 1048576K
}
Event: 2368.398 GC heap after
{Heap after GC invocations=35 (full 0):
 garbage-first heap   total 75776K, used 24860K [0x0000000700e00000, 0x0000000800000000)
  region size 2048K, 1 young (2048K), 1 survivors (2048K)
 Metaspace       used 51613K, committed 52160K, reserved 1097728K
  class space    used 6314K, committed 6592K, reserved 1048576K
}
Event: 2369.015 GC heap before
{Heap before GC invocations=35 (full 0):
 garbage-first heap   total 75776K, used 61724K [0x0000000700e00000, 0x0000000800000000)
  region size 2048K, 20 young (40960K), 1 survivors (2048K)
 Metaspace       used 51613K, committed 52160K, reserved 1097728K
  class space    used 6314K, committed 6592K, reserved 1048576K
}
Event: 2369.017 GC heap after
{Heap after GC invocations=36 (full 0):
 garbage-first heap   total 75776K, used 24901K [0x0000000700e00000, 0x0000000800000000)
  region size 2048K, 1 young (2048K), 1 survivors (2048K)
 Metaspace       used 51613K, committed 52160K, reserved 1097728K
  class space    used 6314K, committed 6592K, reserved 1048576K
}
Event: 2369.650 GC heap before
{Heap before GC invocations=36 (full 0):
 garbage-first heap   total 75776K, used 63813K [0x0000000700e00000, 0x0000000800000000)
  region size 2048K, 20 young (40960K), 1 survivors (2048K)
 Metaspace       used 51613K, committed 52160K, reserved 1097728K
  class space    used 6314K, committed 6592K, reserved 1048576K
}
Event: 2369.651 GC heap after
{Heap after GC invocations=37 (full 0):
 garbage-first heap   total 75776K, used 24994K [0x0000000700e00000, 0x0000000800000000)
  region size 2048K, 1 young (2048K), 1 survivors (2048K)
 Metaspace       used 51613K, committed 52160K, reserved 1097728K
  class space    used 6314K, committed 6592K, reserved 1048576K
}
Event: 2370.274 GC heap before
{Heap before GC invocations=37 (full 0):
 garbage-first heap   total 75776K, used 63906K [0x0000000700e00000, 0x0000000800000000)
  region size 2048K, 20 young (40960K), 1 survivors (2048K)
 Metaspace       used 51613K, committed 52160K, reserved 1097728K
  class space    used 6314K, committed 6592K, reserved 1048576K
}
Event: 2370.276 GC heap after
{Heap after GC invocations=38 (full 0):
 garbage-first heap   total 75776K, used 24874K [0x0000000700e00000, 0x0000000800000000)
  region size 2048K, 1 young (2048K), 1 survivors (2048K)
 Metaspace       used 51613K, committed 52160K, reserved 1097728K
  class space    used 6314K, committed 6592K, reserved 1048576K
}
Event: 2371.046 GC heap before
{Heap before GC invocations=38 (full 0):
 garbage-first heap   total 75776K, used 63786K [0x0000000700e00000, 0x0000000800000000)
  region size 2048K, 20 young (40960K), 1 survivors (2048K)
 Metaspace       used 51624K, committed 52160K, reserved 1097728K
  class space    used 6314K, committed 6592K, reserved 1048576K
}
Event: 2371.047 GC heap after
{Heap after GC invocations=39 (full 0):
 garbage-first heap   total 75776K, used 25051K [0x0000000700e00000, 0x0000000800000000)
  region size 2048K, 1 young (2048K), 1 survivors (2048K)
 Metaspace       used 51624K, committed 52160K, reserved 1097728K
  class space    used 6314K, committed 6592K, reserved 1048576K
}
Event: 2371.582 GC heap before
{Heap before GC invocations=39 (full 0):
 garbage-first heap   total 75776K, used 63963K [0x0000000700e00000, 0x0000000800000000)
  region size 2048K, 20 young (40960K), 1 survivors (2048K)
 Metaspace       used 51624K, committed 52160K, reserved 1097728K
  class space    used 6314K, committed 6592K, reserved 1048576K
}
Event: 2371.583 GC heap after
{Heap after GC invocations=40 (full 0):
 garbage-first heap   total 75776K, used 24949K [0x0000000700e00000, 0x0000000800000000)
  region size 2048K, 1 young (2048K), 1 survivors (2048K)
 Metaspace       used 51624K, committed 52160K, reserved 1097728K
  class space    used 6314K, committed 6592K, reserved 1048576K
}
Event: 2372.122 GC heap before
{Heap before GC invocations=40 (full 0):
 garbage-first heap   total 75776K, used 63861K [0x0000000700e00000, 0x0000000800000000)
  region size 2048K, 20 young (40960K), 1 survivors (2048K)
 Metaspace       used 51624K, committed 52160K, reserved 1097728K
  class space    used 6314K, committed 6592K, reserved 1048576K
}
Event: 2372.123 GC heap after
{Heap after GC invocations=41 (full 0):
 garbage-first heap   total 75776K, used 24855K [0x0000000700e00000, 0x0000000800000000)
  region size 2048K, 1 young (2048K), 1 survivors (2048K)
 Metaspace       used 51624K, committed 52160K, reserved 1097728K
  class space    used 6314K, committed 6592K, reserved 1048576K
}

Deoptimization events (20 events):
Event: 2365.370 Thread 0x0000023e25976260 DEOPT PACKING pc=0x0000023e0f6f06b4 sp=0x000000ae994fe930
Event: 2365.370 Thread 0x0000023e25976260 DEOPT UNPACKING pc=0x0000023e077d23a3 sp=0x000000ae994fe9f0 mode 2
Event: 2366.049 Thread 0x0000023e2195b950 DEOPT PACKING pc=0x0000023e08982959 sp=0x000000ae9b9fe910
Event: 2366.049 Thread 0x0000023e2195b950 DEOPT UNPACKING pc=0x0000023e077d2b43 sp=0x000000ae9b9fdd68 mode 0
Event: 2366.738 Thread 0x0000023e2195db00 DEOPT PACKING pc=0x0000023e08c11bb1 sp=0x000000ae9b7fe2f0
Event: 2366.738 Thread 0x0000023e2195db00 DEOPT UNPACKING pc=0x0000023e077d2b43 sp=0x000000ae9b7fd710 mode 0
Event: 2367.003 Thread 0x0000023e2195b950 DEOPT PACKING pc=0x0000023e081b273b sp=0x000000ae9b9fe8b0
Event: 2367.003 Thread 0x0000023e2195b950 DEOPT UNPACKING pc=0x0000023e077d2b43 sp=0x000000ae9b9fdd68 mode 0
Event: 2367.654 Thread 0x0000023e2195b950 DEOPT PACKING pc=0x0000023e0888614b sp=0x000000ae9b9fe330
Event: 2367.654 Thread 0x0000023e2195b950 DEOPT UNPACKING pc=0x0000023e077d2b43 sp=0x000000ae9b9fd7a8 mode 0
Event: 2368.494 Thread 0x0000023e25976260 Uncommon trap: trap_request=0xffffff45 fr.pc=0x0000023e0f7b7d00 relative=0x0000000000004800
Event: 2368.494 Thread 0x0000023e25976260 Uncommon trap: reason=unstable_if action=reinterpret pc=0x0000023e0f7b7d00 method=io.netty.util.internal.shaded.org.jctools.queues.BaseMpscLinkedArrayQueue.poll()Ljava/lang/Object; @ 43 c2
Event: 2368.494 Thread 0x0000023e25976260 DEOPT PACKING pc=0x0000023e0f7b7d00 sp=0x000000ae994fef30
Event: 2368.494 Thread 0x0000023e25976260 DEOPT UNPACKING pc=0x0000023e077d23a3 sp=0x000000ae994fef18 mode 2
Event: 2370.231 Thread 0x0000023e259758c0 DEOPT PACKING pc=0x0000023e08c7ec2a sp=0x000000ae9befe680
Event: 2370.231 Thread 0x0000023e259758c0 DEOPT UNPACKING pc=0x0000023e077d2b43 sp=0x000000ae9befdab0 mode 0
Event: 2370.916 Thread 0x0000023e25976260 DEOPT PACKING pc=0x0000023e0899c47c sp=0x000000ae994fec90
Event: 2370.916 Thread 0x0000023e25976260 DEOPT UNPACKING pc=0x0000023e077d2b43 sp=0x000000ae994fe178 mode 0
Event: 2371.275 Thread 0x0000023e25d3b6c0 DEOPT PACKING pc=0x0000023e089226cb sp=0x000000ae9b5fe740
Event: 2371.275 Thread 0x0000023e25d3b6c0 DEOPT UNPACKING pc=0x0000023e077d2b43 sp=0x000000ae9b5fdbc0 mode 0

Classes unloaded (0 events):
No events

Classes redefined (0 events):
No events

Internal exceptions (20 events):
Event: 88.130 Thread 0x0000023e2195db00 Implicit null exception at 0x0000023e0f4f6e72 to 0x0000023e0f4fc5a0
Event: 88.131 Thread 0x0000023e2195db00 Implicit null exception at 0x0000023e0f36e5ba to 0x0000023e0f36e7f8
Event: 88.147 Thread 0x0000023e2195db00 Exception <a 'java/lang/NoSuchMethodError'{0x0000000704e38b90}: 'void java.lang.invoke.Invokers$Holder.invoke_MT(java.lang.Object, java.lang.Object, java.lang.Object, java.lang.Object)'> (0x0000000704e38b90) 
thrown [t:\workspace\open\src\hotspot\share\interpreter\linkResolver.cpp, line 766]
Event: 88.163 Thread 0x0000023e2195db00 Exception <a 'java/lang/NoSuchMethodError'{0x0000000704ea2cf0}: static Lcom/example/chess/domain/model/Position;.<clinit>()V> (0x0000000704ea2cf0) 
thrown [t:\workspace\open\src\hotspot\share\prims\jni.cpp, line 1107]
Event: 88.165 Thread 0x0000023e2195db00 Exception <a 'java/lang/NoSuchMethodError'{0x0000000704eaf460}: static Lcom/example/chess/domain/model/ChessSquare;.<clinit>()V> (0x0000000704eaf460) 
thrown [t:\workspace\open\src\hotspot\share\prims\jni.cpp, line 1107]
Event: 88.167 Thread 0x0000023e2195db00 Exception <a 'java/lang/NoSuchMethodError'{0x0000000704ec6720}: static Lcom/example/chess/domain/model/pieces/Pawn;.<clinit>()V> (0x0000000704ec6720) 
thrown [t:\workspace\open\src\hotspot\share\prims\jni.cpp, line 1107]
Event: 88.167 Thread 0x0000023e2195db00 Exception <a 'java/lang/NoSuchMethodError'{0x0000000704ec9648}: static Lcom/example/chess/domain/model/ChessPiece;.<clinit>()V> (0x0000000704ec9648) 
thrown [t:\workspace\open\src\hotspot\share\prims\jni.cpp, line 1107]
Event: 88.168 Thread 0x0000023e2195db00 Exception <a 'java/lang/NoSuchMethodError'{0x0000000704ed8090}: static Lcom/example/chess/domain/model/pieces/Pawn$NextPositions;.<clinit>()V> (0x0000000704ed8090) 
thrown [t:\workspace\open\src\hotspot\share\prims\jni.cpp, line 1107]
Event: 88.169 Thread 0x0000023e2195db00 Exception <a 'java/lang/NoSuchMethodError'{0x0000000704ee7a80}: static Lcom/example/chess/domain/model/pieces/Rook;.<clinit>()V> (0x0000000704ee7a80) 
thrown [t:\workspace\open\src\hotspot\share\prims\jni.cpp, line 1107]
Event: 88.170 Thread 0x0000023e2195db00 Exception <a 'java/lang/NoSuchMethodError'{0x0000000704ef42e8}: static Lcom/example/chess/domain/model/pieces/Knight;.<clinit>()V> (0x0000000704ef42e8) 
thrown [t:\workspace\open\src\hotspot\share\prims\jni.cpp, line 1107]
Event: 88.171 Thread 0x0000023e2195db00 Exception <a 'java/lang/NoSuchMethodError'{0x0000000704f00518}: static Lcom/example/chess/domain/model/pieces/Bishop;.<clinit>()V> (0x0000000704f00518) 
thrown [t:\workspace\open\src\hotspot\share\prims\jni.cpp, line 1107]
Event: 88.172 Thread 0x0000023e2195db00 Exception <a 'java/lang/NoSuchMethodError'{0x0000000704f0dd00}: static Lcom/example/chess/domain/model/pieces/Queen;.<clinit>()V> (0x0000000704f0dd00) 
thrown [t:\workspace\open\src\hotspot\share\prims\jni.cpp, line 1107]
Event: 88.172 Thread 0x0000023e2195db00 Exception <a 'java/lang/NoSuchMethodError'{0x0000000704f1c770}: static Lcom/example/chess/domain/model/pieces/King;.<clinit>()V> (0x0000000704f1c770) 
thrown [t:\workspace\open\src\hotspot\share\prims\jni.cpp, line 1107]
Event: 88.176 Thread 0x0000023e2195db00 Exception <a 'java/lang/NoSuchMethodError'{0x0000000704f38518}: 'java.lang.Object java.lang.invoke.Invokers$Holder.invoke_MT(java.lang.Object, java.lang.Object, java.lang.Object)'> (0x0000000704f38518) 
thrown [t:\workspace\open\src\hotspot\share\interpreter\linkResolver.cpp, line 766]
Event: 88.277 Thread 0x0000023e2195db00 Exception <a 'java/lang/NoSuchMethodError'{0x000000070453b960}: 'java.lang.Object java.lang.invoke.DirectMethodHandle$Holder.invokeInterface(java.lang.Object, java.lang.Object, java.lang.Object, java.lang.Object)'> (0x000000070453b960) 
thrown [t:\workspace\open\src\hotspot\share\interpreter\linkResolver.cpp, line 766]
Event: 124.235 Thread 0x0000023e25974580 Implicit null exception at 0x0000023e0f590f3b to 0x0000023e0f591468
Event: 128.933 Thread 0x0000023e2195d630 Implicit null exception at 0x0000023e0f3b8923 to 0x0000023e0f3b8f30
Event: 128.933 Thread 0x0000023e2195d630 Implicit null exception at 0x0000023e0f460b3b to 0x0000023e0f4610b8
Event: 501.145 Thread 0x0000023e25d3b6c0 Implicit null exception at 0x0000023e0f5f0521 to 0x0000023e0f5f2c68
Event: 505.352 Thread 0x0000023e2195afb0 Implicit null exception at 0x0000023e0f5f86d4 to 0x0000023e0f5fa4f0

VM Operations (20 events):
Event: 2367.194 Executing VM operation: G1CollectForAllocation
Event: 2367.196 Executing VM operation: G1CollectForAllocation done
Event: 2367.769 Executing VM operation: G1CollectForAllocation
Event: 2367.771 Executing VM operation: G1CollectForAllocation done
Event: 2368.397 Executing VM operation: G1CollectForAllocation
Event: 2368.398 Executing VM operation: G1CollectForAllocation done
Event: 2369.015 Executing VM operation: G1CollectForAllocation
Event: 2369.017 Executing VM operation: G1CollectForAllocation done
Event: 2369.650 Executing VM operation: G1CollectForAllocation
Event: 2369.651 Executing VM operation: G1CollectForAllocation done
Event: 2370.274 Executing VM operation: G1CollectForAllocation
Event: 2370.276 Executing VM operation: G1CollectForAllocation done
Event: 2371.046 Executing VM operation: G1CollectForAllocation
Event: 2371.047 Executing VM operation: G1CollectForAllocation done
Event: 2371.582 Executing VM operation: G1CollectForAllocation
Event: 2371.583 Executing VM operation: G1CollectForAllocation done
Event: 2372.122 Executing VM operation: G1CollectForAllocation
Event: 2372.123 Executing VM operation: G1CollectForAllocation done
Event: 2372.171 Executing VM operation: HandshakeAllThreads
Event: 2372.171 Executing VM operation: HandshakeAllThreads done

Events (20 events):
Event: 2363.885 Thread 0x0000023e7fc31410 flushing nmethod 0x0000023e08b13a90
Event: 2363.885 Thread 0x0000023e7fc31410 flushing nmethod 0x0000023e08b29f10
Event: 2363.885 Thread 0x0000023e7fc31410 flushing nmethod 0x0000023e08b6ed90
Event: 2363.886 Thread 0x0000023e7fc31410 flushing nmethod 0x0000023e08b89490
Event: 2363.886 Thread 0x0000023e7fc31410 flushing nmethod 0x0000023e08c3e990
Event: 2363.886 Thread 0x0000023e7fc31410 flushing nmethod 0x0000023e08da9c10
Event: 2364.615 loading class com/fasterxml/jackson/core/json/DupDetector
Event: 2364.615 loading class com/fasterxml/jackson/core/json/DupDetector done
Event: 2365.396 Thread 0x0000023e21c12750 Thread exited: 0x0000023e21c12750
Event: 2367.295 loading class sun/util/locale/LocaleExtensions
Event: 2367.296 loading class sun/util/locale/LocaleExtensions done
Event: 2368.499 Thread 0x0000023e263a0000 Thread added: 0x0000023e263a0000
Event: 2369.731 Thread 0x0000023e263a0000 Thread exited: 0x0000023e263a0000
Event: 2370.232 Thread 0x0000023e263a0000 Thread added: 0x0000023e263a0000
Event: 2371.210 Thread 0x0000023e263a0000 Thread exited: 0x0000023e263a0000
Event: 2371.532 Thread 0x0000023e263a0000 Thread added: 0x0000023e263a0000
Event: 2371.809 Thread 0x0000023e263a0000 Thread exited: 0x0000023e263a0000
Event: 2372.175 Thread 0x0000023e7fc31410 flushing nmethod 0x0000023e07ed8b90
Event: 2372.178 Thread 0x0000023e7fc31410 flushing nmethod 0x0000023e0851fe10
Event: 2372.178 Thread 0x0000023e7fc31410 flushing nmethod 0x0000023e0858cb90


Dynamic libraries:
0x00007ff675b30000 - 0x00007ff675b40000 	C:\Program Files\Java\jdk-17.0.2\bin\java.exe
0x00007ffe46950000 - 0x00007ffe46b48000 	C:\Windows\SYSTEM32\ntdll.dll
0x00007ffe1ad40000 - 0x00007ffe1ad57000 	C:\Program Files\Avast Software\Avast\aswhook.dll
0x00007ffe44d00000 - 0x00007ffe44dbf000 	C:\Windows\System32\KERNEL32.DLL
0x00007ffe44430000 - 0x00007ffe44702000 	C:\Windows\System32\KERNELBASE.dll
0x00007ffe44710000 - 0x00007ffe44810000 	C:\Windows\System32\ucrtbase.dll
0x00007ffe3fa80000 - 0x00007ffe3fa98000 	C:\Program Files\Java\jdk-17.0.2\bin\jli.dll
0x00007ffe44dc0000 - 0x00007ffe44e6e000 	C:\Windows\System32\ADVAPI32.dll
0x00007ffe3f2a0000 - 0x00007ffe3f2ba000 	C:\Program Files\Java\jdk-17.0.2\bin\VCRUNTIME140.dll
0x00007ffe45810000 - 0x00007ffe458ae000 	C:\Windows\System32\msvcrt.dll
0x00007ffe44c00000 - 0x00007ffe44c9c000 	C:\Windows\System32\sechost.dll
0x00007ffe44f20000 - 0x00007ffe45045000 	C:\Windows\System32\RPCRT4.dll
0x00007ffe45520000 - 0x00007ffe456bd000 	C:\Windows\System32\USER32.dll
0x00007ffe448a0000 - 0x00007ffe448c2000 	C:\Windows\System32\win32u.dll
0x00007ffe468e0000 - 0x00007ffe4690b000 	C:\Windows\System32\GDI32.dll
0x00007ffe44320000 - 0x00007ffe4442f000 	C:\Windows\System32\gdi32full.dll
0x00007ffe44900000 - 0x00007ffe4499d000 	C:\Windows\System32\msvcp_win.dll
0x00007ffe2f0e0000 - 0x00007ffe2f37a000 	C:\Windows\WinSxS\amd64_microsoft.windows.common-controls_6595b64144ccf1df_6.0.19041.1110_none_60b5254171f9507e\COMCTL32.dll
0x00007ffe3d650000 - 0x00007ffe3d65a000 	C:\Windows\SYSTEM32\VERSION.dll
0x00007ffe461c0000 - 0x00007ffe461f2000 	C:\Windows\System32\IMM32.DLL
0x00007ffe3fd10000 - 0x00007ffe3fd1c000 	C:\Program Files\Java\jdk-17.0.2\bin\vcruntime140_1.dll
0x00007ffe3d1b0000 - 0x00007ffe3d23d000 	C:\Program Files\Java\jdk-17.0.2\bin\msvcp140.dll
0x00007ffdd9c90000 - 0x00007ffdda851000 	C:\Program Files\Java\jdk-17.0.2\bin\server\jvm.dll
0x00007ffe466d0000 - 0x00007ffe466d8000 	C:\Windows\System32\PSAPI.DLL
0x00007ffe3b630000 - 0x00007ffe3b657000 	C:\Windows\SYSTEM32\WINMM.dll
0x00007ffe30770000 - 0x00007ffe30779000 	C:\Windows\SYSTEM32\WSOCK32.dll
0x00007ffe457a0000 - 0x00007ffe4580b000 	C:\Windows\System32\WS2_32.dll
0x00007ffe41e50000 - 0x00007ffe41e62000 	C:\Windows\SYSTEM32\kernel.appcore.dll
0x00007ffe3fad0000 - 0x00007ffe3fada000 	C:\Program Files\Java\jdk-17.0.2\bin\jimage.dll
0x00007ffe3b360000 - 0x00007ffe3b544000 	C:\Windows\SYSTEM32\DBGHELP.DLL
0x00007ffe3b070000 - 0x00007ffe3b09c000 	C:\Windows\SYSTEM32\dbgcore.DLL
0x00007ffe44810000 - 0x00007ffe44892000 	C:\Windows\System32\bcryptPrimitives.dll
0x00007ffe3d110000 - 0x00007ffe3d14b000 	C:\Program Files\Java\jdk-17.0.2\bin\jdwp.dll
0x00007ffe3ea40000 - 0x00007ffe3ea4e000 	C:\Program Files\Java\jdk-17.0.2\bin\instrument.dll
0x00007ffe3ea50000 - 0x00007ffe3ea75000 	C:\Program Files\Java\jdk-17.0.2\bin\java.dll
0x00007ffe3d150000 - 0x00007ffe3d168000 	C:\Program Files\Java\jdk-17.0.2\bin\zip.dll
0x00007ffe34d30000 - 0x00007ffe34e06000 	C:\Program Files\Java\jdk-17.0.2\bin\jsvml.dll
0x00007ffe458c0000 - 0x00007ffe46003000 	C:\Windows\System32\SHELL32.dll
0x00007ffe42130000 - 0x00007ffe428c2000 	C:\Windows\SYSTEM32\windows.storage.dll
0x00007ffe450e0000 - 0x00007ffe45434000 	C:\Windows\System32\combase.dll
0x00007ffe439d0000 - 0x00007ffe43a00000 	C:\Windows\SYSTEM32\Wldp.dll
0x00007ffe45440000 - 0x00007ffe454ed000 	C:\Windows\System32\SHCORE.dll
0x00007ffe449a0000 - 0x00007ffe449f5000 	C:\Windows\System32\shlwapi.dll
0x00007ffe43f90000 - 0x00007ffe43faf000 	C:\Windows\SYSTEM32\profapi.dll
0x00007ffe38710000 - 0x00007ffe3871c000 	C:\Program Files\Java\jdk-17.0.2\bin\dt_socket.dll
0x00007ffe43420000 - 0x00007ffe4345b000 	C:\Windows\SYSTEM32\IPHLPAPI.DLL
0x00007ffe43730000 - 0x00007ffe4379a000 	C:\Windows\system32\mswsock.dll
0x00007ffe3d190000 - 0x00007ffe3d1a9000 	C:\Program Files\Java\jdk-17.0.2\bin\net.dll
0x00007ffe3e740000 - 0x00007ffe3e84c000 	C:\Windows\SYSTEM32\WINHTTP.dll
0x00007ffe3d170000 - 0x00007ffe3d186000 	C:\Program Files\Java\jdk-17.0.2\bin\nio.dll
0x00007ffe43920000 - 0x00007ffe43938000 	C:\Windows\SYSTEM32\CRYPTSP.dll
0x00007ffe43050000 - 0x00007ffe43084000 	C:\Windows\system32\rsaenh.dll
0x00007ffe448d0000 - 0x00007ffe448f7000 	C:\Windows\System32\bcrypt.dll
0x00007ffe43f50000 - 0x00007ffe43f7e000 	C:\Windows\SYSTEM32\USERENV.dll
0x00007ffe43940000 - 0x00007ffe4394c000 	C:\Windows\SYSTEM32\CRYPTBASE.dll
0x00007ffe458b0000 - 0x00007ffe458b8000 	C:\Windows\System32\NSI.dll
0x00007ffe3d970000 - 0x00007ffe3d987000 	C:\Windows\SYSTEM32\dhcpcsvc6.DLL
0x00007ffe3d830000 - 0x00007ffe3d84d000 	C:\Windows\SYSTEM32\dhcpcsvc.DLL
0x00007ffe43460000 - 0x00007ffe4352a000 	C:\Windows\SYSTEM32\DNSAPI.dll
0x00007ffe3b2a0000 - 0x00007ffe3b2ae000 	C:\Program Files\Java\jdk-17.0.2\bin\sunmscapi.dll
0x00007ffe440a0000 - 0x00007ffe441f6000 	C:\Windows\System32\CRYPT32.dll
0x00007ffe43a40000 - 0x00007ffe43a67000 	C:\Windows\SYSTEM32\ncrypt.dll
0x00007ffe43a00000 - 0x00007ffe43a3b000 	C:\Windows\SYSTEM32\NTASN1.dll
0x00007ffe3d100000 - 0x00007ffe3d109000 	C:\Program Files\Java\jdk-17.0.2\bin\management.dll
0x00007ffe3d0f0000 - 0x00007ffe3d0fb000 	C:\Program Files\Java\jdk-17.0.2\bin\management_ext.dll
0x00007ffe38720000 - 0x00007ffe38727000 	C:\Windows\system32\wshunix.dll
0x00007ffe3b810000 - 0x00007ffe3b81a000 	C:\Windows\System32\rasadhlp.dll
0x00007ffe3b220000 - 0x00007ffe3b2a0000 	C:\Windows\System32\fwpuclnt.dll
0x00007ffe3fa70000 - 0x00007ffe3fa80000 	C:\Program Files\Java\jdk-17.0.2\bin\verify.dll

dbghelp: loaded successfully - version: 4.0.5 - missing functions: none
symbol engine: initialized successfully - sym options: 0x614 - pdb path: .;C:\Program Files\Java\jdk-17.0.2\bin;C:\Windows\SYSTEM32;C:\Program Files\Avast Software\Avast;C:\Windows\WinSxS\amd64_microsoft.windows.common-controls_6595b64144ccf1df_6.0.19041.1110_none_60b5254171f9507e;C:\Program Files\Java\jdk-17.0.2\bin\server

VM Arguments:
jvm_args: -agentlib:jdwp=transport=dt_socket,address=127.0.0.1:56828,suspend=y,server=n -javaagent:C:\Users\JUG\AppData\Local\JetBrains\IdeaIC2021.3\captureAgent\debugger-agent.jar=file:/C:/Users/JUG/AppData/Local/Temp/capture.props -Dfile.encoding=UTF-8 
java_command: com.example.chess.ChessApplication
java_class_path (initial): C:\Users\JUG\Desktop\CvProject\chess\target\classes;C:\Users\JUG\.m2\repository\org\springframework\boot\spring-boot-starter-web\3.0.0\spring-boot-starter-web-3.0.0.jar;C:\Users\JUG\.m2\repository\org\springframework\boot\spring-boot-starter\3.0.0\spring-boot-starter-3.0.0.jar;C:\Users\JUG\.m2\repository\org\springframework\boot\spring-boot\3.0.0\spring-boot-3.0.0.jar;C:\Users\JUG\.m2\repository\org\springframework\boot\spring-boot-autoconfigure\3.0.0\spring-boot-autoconfigure-3.0.0.jar;C:\Users\JUG\.m2\repository\org\springframework\boot\spring-boot-starter-logging\3.0.0\spring-boot-starter-logging-3.0.0.jar;C:\Users\JUG\.m2\repository\ch\qos\logback\logback-classic\1.4.5\logback-classic-1.4.5.jar;C:\Users\JUG\.m2\repository\ch\qos\logback\logback-core\1.4.5\logback-core-1.4.5.jar;C:\Users\JUG\.m2\repository\org\apache\logging\log4j\log4j-to-slf4j\2.19.0\log4j-to-slf4j-2.19.0.jar;C:\Users\JUG\.m2\repository\org\apache\logging\log4j\log4j-api\2.19.0\log4j-api-2.19.0.jar;C:\Users\JUG\.m2\repository\org\slf4j\jul-to-slf4j\2.0.4\jul-to-slf4j-2.0.4.jar;C:\Users\JUG\.m2\repository\jakarta\annotation\jakarta.annotation-api\2.1.1\jakarta.annotation-api-2.1.1.jar;C:\Users\JUG\.m2\repository\org\yaml\snakeyaml\1.33\snakeyaml-1.33.jar;C:\Users\JUG\.m2\repository\org\springframework\boot\spring-boot-starter-json\3.0.0\spring-boot-starter-json-3.0.0.jar;C:\Users\JUG\.m2\repository\com\fasterxml\jackson\core\jackson-databind\2.14.1\jackson-databind-2.14.1.jar;C:\Users\JUG\.m2\repository\com\fasterxml\jackson\core\jackson-annotations\2.14.1\jackson-annotations-2.14.1.jar;C:\Users\JUG\.m2\repository\com\fasterxml\jackson\core\jackson-core\2.14.1\jackson-core-2.14.1.jar;C:\Users\JUG\.m2\repository\com\fasterxml\jackson\datatype\jackson-datatype-jdk8\2.14.1\jackson-datatype-jdk8-2.14.1.jar;C:\Users\JUG\.m2\repository\com\fasterxml\jackson\datatype\jackson-datatype-jsr310\2.14.1\jackson-datatype-jsr310-2.14.1.jar;C:\Users\JUG\.m2\repository\com\fasterxml\
Launcher Type: SUN_STANDARD

[Global flags]
     intx CICompilerCount                          = 3                                         {product} {ergonomic}
     uint ConcGCThreads                            = 1                                         {product} {ergonomic}
     uint G1ConcRefinementThreads                  = 4                                         {product} {ergonomic}
   size_t G1HeapRegionSize                         = 2097152                                   {product} {ergonomic}
    uintx GCDrainStackTargetSize                   = 64                                        {product} {ergonomic}
   size_t InitialHeapSize                          = 268435456                                 {product} {ergonomic}
   size_t MarkStackSize                            = 4194304                                   {product} {ergonomic}
   size_t MaxHeapSize                              = 4280287232                                {product} {ergonomic}
   size_t MaxNewSize                               = 2566914048                                {product} {ergonomic}
   size_t MinHeapDeltaBytes                        = 2097152                                   {product} {ergonomic}
   size_t MinHeapSize                              = 8388608                                   {product} {ergonomic}
    uintx NonNMethodCodeHeapSize                   = 5832780                                {pd product} {ergonomic}
    uintx NonProfiledCodeHeapSize                  = 122912730                              {pd product} {ergonomic}
    uintx ProfiledCodeHeapSize                     = 122912730                              {pd product} {ergonomic}
    uintx ReservedCodeCacheSize                    = 251658240                              {pd product} {ergonomic}
     bool SegmentedCodeCache                       = true                                      {product} {ergonomic}
   size_t SoftMaxHeapSize                          = 4280287232                             {manageable} {ergonomic}
     bool UseCompressedClassPointers               = true                           {product lp64_product} {ergonomic}
     bool UseCompressedOops                        = true                           {product lp64_product} {ergonomic}
     bool UseG1GC                                  = true                                      {product} {ergonomic}
     bool UseLargePagesIndividualAllocation        = false                                  {pd product} {ergonomic}

Logging:
Log output configuration:
 #0: stdout all=warning uptime,level,tags
 #1: stderr all=off uptime,level,tags

Environment Variables:
JAVA_HOME=C:\Program Files\Java\jdk-17.0.2
PATH=C:\Program Files\Common Files\Oracle\Java\javapath;C:\Windows\system32;C:\Windows;C:\Windows\System32\Wbem;C:\Windows\System32\WindowsPowerShell\v1.0\;C:\Windows\System32\OpenSSH\;E:\Programe\Git\cmd;C:\Program Files\apache-maven-3.8.4\bin;E:\Programe\Git\bin;C:\Program Files\Java\jdk-17.0.2\bin;C:\Program Files\PuTTY\;C:\Users\JUG\AppData\Local\Microsoft\WindowsApps;;E:\Programe\IntelliJ IDEA Community Edition 2021.3.2\bin;;C:\Users\JUG\AppData\Local\Programs\Microsoft VS Code\bin
USERNAME=JUG
OS=Windows_NT
PROCESSOR_IDENTIFIER=Intel64 Family 6 Model 60 Stepping 3, GenuineIntel



---------------  S Y S T E M  ---------------

OS:
 Windows 10 , 64 bit Build 19041 (10.0.19041.2251)
OS uptime: 11 days 6:16 hours

CPU: total 4 (initial active 4) (4 cores per cpu, 1 threads per core) family 6 model 60 stepping 3 microcode 0x27, cx8, cmov, fxsr, mmx, sse, sse2, sse3, ssse3, sse4.1, sse4.2, popcnt, lzcnt, tsc, tscinvbit, avx, avx2, aes, erms, clmul, bmi1, bmi2, fma, vzeroupper, clflush

Memory: 4k page, system-wide physical 16327M (6709M free)
TotalPageFile size 23709M (AvailPageFile size 8M)
current process WorkingSet (physical memory assigned to process): 276M, peak: 339M
current process commit charge ("private bytes"): 311M, peak: 419M

vm_info: Java HotSpot(TM) 64-Bit Server VM (17.0.2+8-LTS-86) for windows-amd64 JRE (17.0.2+8-LTS-86), built on Dec  7 2021 21:51:03 by "mach5one" with MS VC++ 16.8 / 16.9 (VS2019)

END.
